<?xml version="1.0" encoding="UTF-8"?>
<testsuite xmlns:xsi="http://www.w3.org/2001/XMLSchema-instance" xsi:noNamespaceSchemaLocation="https://maven.apache.org/surefire/maven-surefire-plugin/xsd/surefire-test-report.xsd" name="cn.edu.fzu.daoyun.daoyun.DaoYunApplicationTests" time="6.772" tests="4" errors="0" skipped="0" failures="0">
  <properties>
[...]
</properties>
  <testcase name="test001" classname="cn.edu.fzu.daoyun.daoyun.DaoYunApplicationTests" time="0.276"/>
  <testcase name="testCaptcha" classname="cn.edu.fzu.daoyun.daoyun.DaoYunApplicationTests" time="0.442"/>
  <testcase name="testRedis01" classname="cn.edu.fzu.daoyun.daoyun.DaoYunApplicationTests" time="0.344"/>
  <testcase name="contextLoads" classname="cn.edu.fzu.daoyun.daoyun.DaoYunApplicationTests" time="0.003"/>
</testsuite>